2026-07-16 10:45:09,139 INFO Warehouse schema initialized
2026-07-16 10:45:09,660 INFO Converted Orders_2023_excel.xlsx -> Orders_2023_excel.csv
2026-07-16 10:45:09,661 INFO Deleted original XLSX file Orders_2023_excel.xlsx
2026-07-16 10:45:09,663 INFO Processing file Orders_2023_excel.csv
2026-07-16 10:45:09,667 INFO Skipping duplicate order PO0060504-1
2026-07-16 10:45:09,691 INFO Skipping duplicate order PO0060504-2
2026-07-16 10:45:09,691 INFO Skipping duplicate order PO0060504-3
2026-07-16 10:45:09,692 INFO Skipping duplicate order PO0060504-4
2026-07-16 10:45:09,696 INFO Skipping duplicate order PO0060504-5
2026-07-16 10:45:09,697 INFO Skipping duplicate order PO0011111-1
2026-07-16 10:45:09,706 INFO Skipping duplicate order PO0011111-2
2026-07-16 10:45:09,707 INFO Skipping duplicate order PO0011111-3
2026-07-16 10:45:09,707 INFO Skipping duplicate order PO0011111-4
2026-07-16 10:45:09,708 INFO Skipping duplicate order PO0074849-1
2026-07-16 10:45:09,709 INFO Skipping duplicate order PO0024697-1
2026-07-16 10:45:09,709 INFO Skipping duplicate order PO0024697-2
2026-07-16 10:45:09,712 INFO Skipping duplicate order PO0096358-1
2026-07-16 10:45:09,713 INFO Skipping duplicate order PO0096358-2
2026-07-16 10:45:09,715 INFO Skipping duplicate order PO0096358-3
2026-07-16 10:45:09,716 INFO Skipping duplicate order PO0013360-1
2026-07-16 10:45:09,720 INFO Skipping duplicate order PO0013360-2
2026-07-16 10:45:09,720 INFO Skipping duplicate order PO0013360-3
2026-07-16 10:45:09,724 INFO Skipping duplicate order PO0097680-1
2026-07-16 10:45:09,725 INFO Skipping duplicate order PO0097680-2
2026-07-16 10:45:09,725 INFO Skipping duplicate order PO0097680-3
2026-07-16 10:45:09,726 INFO Skipping duplicate order PO0097680-4
2026-07-16 10:45:09,727 INFO Skipping duplicate order PO0097299-1
2026-07-16 10:45:09,727 INFO Skipping duplicate order PO0097299-2
2026-07-16 10:45:09,728 INFO Skipping duplicate order PO0097299-3
2026-07-16 10:45:09,728 INFO Skipping duplicate order PO0097299-4
2026-07-16 10:45:09,747 INFO Archived processed file Orders_2023_excel.csv to data/raw/archive/Orders_2023_excel.csv
2026-07-16 10:45:10,377 WARNING Unable to send email notification to bhatpriyamvada@gmail.com: SMTP AUTH extension not supported by server.
2026-07-16 10:45:10,377 INFO Processed file: Orders_2023_excel.csv
Execution date: 2026-07-16 10:45:09
Total rows in file: 27
Rows loaded: 1
Rows rejected: 0
Reject reasons: None
