2026-07-14 06:34:59,209 INFO Warehouse schema initialized
2026-07-14 06:34:59,209 INFO Processing file orders_2023.csv
2026-07-14 07:03:58,417 INFO Warehouse schema initialized
2026-07-14 07:04:54,761 INFO Warehouse schema initialized
2026-07-14 07:04:54,762 INFO Processing file orders_2023.csv
2026-07-14 07:04:54,765 INFO Skipping duplicate order PO0060504-1
2026-07-14 07:04:54,766 INFO Skipping duplicate order PO0060504-2
2026-07-14 07:04:54,766 INFO Skipping duplicate order PO0060504-3
2026-07-14 07:04:54,767 INFO Skipping duplicate order PO0060504-4
2026-07-14 07:04:54,767 INFO Skipping duplicate order PO0060504-5
2026-07-14 07:04:54,767 INFO Skipping duplicate order PO0011111-1
2026-07-14 07:04:54,768 INFO Skipping duplicate order PO0011111-2
2026-07-14 07:04:54,768 INFO Skipping duplicate order PO0011111-3
2026-07-14 07:04:54,768 INFO Skipping duplicate order PO0011111-4
2026-07-14 07:04:54,769 INFO Skipping duplicate order PO0074849-1
2026-07-14 07:04:54,769 INFO Skipping duplicate order PO0024697-1
2026-07-14 07:04:54,770 INFO Skipping duplicate order PO0024697-2
2026-07-14 07:04:54,770 INFO Skipping duplicate order PO0096358-1
2026-07-14 07:04:54,771 INFO Skipping duplicate order PO0096358-2
2026-07-14 07:04:54,771 INFO Skipping duplicate order PO0096358-3
2026-07-14 07:04:54,772 INFO Skipping duplicate order PO0013360-1
2026-07-14 07:04:54,772 INFO Skipping duplicate order PO0013360-2
2026-07-14 07:04:54,772 INFO Skipping duplicate order PO0013360-3
2026-07-14 07:04:54,773 INFO Skipping duplicate order PO0097680-1
2026-07-14 07:04:54,773 INFO Skipping duplicate order PO0097680-2
2026-07-14 07:04:54,774 INFO Skipping duplicate order PO0097680-3
2026-07-14 07:04:54,774 INFO Skipping duplicate order PO0097680-4
2026-07-14 07:04:54,774 INFO Skipping duplicate order PO0097299-1
2026-07-14 07:04:54,775 INFO Skipping duplicate order PO0097299-2
2026-07-14 07:04:54,775 INFO Skipping duplicate order PO0097299-3
2026-07-14 07:04:54,776 INFO Skipping duplicate order PO0097299-4
2026-07-14 07:04:54,782 INFO SMTP not configured; notification logged for bhatpriyamvada@gmail.com
2026-07-14 07:04:54,782 INFO Processed file: orders_2023.csv
Execution date: 2026-07-14 07:04:54
Total rows in file: 26
Rows loaded: 0
Rows rejected: 0
Reject reasons: None
