2026-07-16 09:14:09,428 INFO Warehouse schema initialized
2026-07-16 09:14:09,430 INFO Processing file orders_2023_changed.csv
2026-07-16 09:14:09,433 INFO Skipping duplicate order PO0060504-1
2026-07-16 09:14:09,438 INFO Skipping duplicate order PO0060504-2
2026-07-16 09:14:09,441 INFO Skipping duplicate order PO0060504-3
2026-07-16 09:14:09,442 INFO Skipping duplicate order PO0060504-4
2026-07-16 09:14:09,442 INFO Skipping duplicate order PO0060504-5
2026-07-16 09:14:09,443 INFO Skipping duplicate order PO0011111-1
2026-07-16 09:14:09,443 INFO Skipping duplicate order PO0011111-2
2026-07-16 09:14:09,444 INFO Skipping duplicate order PO0011111-3
2026-07-16 09:14:09,445 INFO Skipping duplicate order PO0011111-4
2026-07-16 09:14:09,445 INFO Skipping duplicate order PO0074849-1
2026-07-16 09:14:09,446 INFO Skipping duplicate order PO0024697-1
2026-07-16 09:14:09,446 INFO Skipping duplicate order PO0024697-2
2026-07-16 09:14:09,447 INFO Skipping duplicate order PO0096358-1
2026-07-16 09:14:09,447 INFO Skipping duplicate order PO0096358-2
2026-07-16 09:14:09,448 INFO Skipping duplicate order PO0096358-3
2026-07-16 09:14:09,449 INFO Skipping duplicate order PO0013360-1
2026-07-16 09:14:09,449 INFO Skipping duplicate order PO0013360-2
2026-07-16 09:14:09,450 INFO Skipping duplicate order PO0013360-3
2026-07-16 09:14:09,450 INFO Skipping duplicate order PO0097680-1
2026-07-16 09:14:09,451 INFO Skipping duplicate order PO0097680-2
2026-07-16 09:14:09,451 INFO Skipping duplicate order PO0097680-3
2026-07-16 09:14:09,452 INFO Skipping duplicate order PO0097680-4
2026-07-16 09:14:09,453 INFO Skipping duplicate order PO0097299-1
2026-07-16 09:14:09,453 INFO Skipping duplicate order PO0097299-2
2026-07-16 09:14:09,454 INFO Skipping duplicate order PO0097299-3
2026-07-16 09:14:09,454 INFO Skipping duplicate order PO0097299-4
2026-07-16 09:14:09,464 INFO Archived processed file orders_2023_changed.csv to data/raw/archive/orders_2023_changed.csv
2026-07-16 09:14:10,085 WARNING Unable to send email notification to bhatpriyamvada@gmail.com: SMTP AUTH extension not supported by server.
2026-07-16 09:14:10,086 INFO Processed file: orders_2023_changed.csv
Execution date: 2026-07-16 09:14:09
Total rows in file: 26
Rows loaded: 0
Rows rejected: 0
Reject reasons: None
