2026-07-16 09:49:44,895 INFO Warehouse schema initialized
2026-07-16 09:49:44,896 INFO Processing file orders_2023_changed.csv
2026-07-16 09:49:44,899 INFO Skipping duplicate order PO0060504-1
2026-07-16 09:49:44,899 INFO Skipping duplicate order PO0060504-2
2026-07-16 09:49:44,899 INFO Skipping duplicate order PO0060504-3
2026-07-16 09:49:44,900 INFO Skipping duplicate order PO0060504-4
2026-07-16 09:49:44,900 INFO Skipping duplicate order PO0060504-5
2026-07-16 09:49:44,901 INFO Skipping duplicate order PO0011111-1
2026-07-16 09:49:44,903 INFO Skipping duplicate order PO0011111-2
2026-07-16 09:49:44,903 INFO Skipping duplicate order PO0011111-3
2026-07-16 09:49:44,903 INFO Skipping duplicate order PO0011111-4
2026-07-16 09:49:44,904 INFO Skipping duplicate order PO0074849-1
2026-07-16 09:49:44,904 INFO Skipping duplicate order PO0024697-1
2026-07-16 09:49:44,905 INFO Skipping duplicate order PO0024697-2
2026-07-16 09:49:44,905 INFO Skipping duplicate order PO0096358-1
2026-07-16 09:49:44,905 INFO Skipping duplicate order PO0096358-2
2026-07-16 09:49:44,906 INFO Skipping duplicate order PO0096358-3
2026-07-16 09:49:44,906 INFO Skipping duplicate order PO0013360-1
2026-07-16 09:49:44,907 INFO Skipping duplicate order PO0013360-2
2026-07-16 09:49:44,907 INFO Skipping duplicate order PO0013360-3
2026-07-16 09:49:44,907 INFO Skipping duplicate order PO0097680-1
2026-07-16 09:49:44,908 INFO Skipping duplicate order PO0097680-2
2026-07-16 09:49:44,908 INFO Skipping duplicate order PO0097680-3
2026-07-16 09:49:44,909 INFO Skipping duplicate order PO0097680-4
2026-07-16 09:49:44,909 INFO Skipping duplicate order PO0097299-1
2026-07-16 09:49:44,910 INFO Skipping duplicate order PO0097299-2
2026-07-16 09:49:44,910 INFO Skipping duplicate order PO0097299-3
2026-07-16 09:49:44,911 INFO Skipping duplicate order PO0097299-4
2026-07-16 09:49:44,921 INFO Archived processed file orders_2023_changed.csv to data/raw/archive/orders_2023_changed.csv
2026-07-16 09:49:45,518 WARNING Unable to send email notification to bhatpriyamvada@gmail.com: SMTP AUTH extension not supported by server.
2026-07-16 09:49:45,518 INFO Processed file: orders_2023_changed.csv
Execution date: 2026-07-16 09:49:44
Total rows in file: 27
Rows loaded: 1
Rows rejected: 0
Reject reasons: None
