2026-07-14 09:36:25,453 INFO Warehouse schema initialized
2026-07-14 09:36:25,655 INFO Converted orders_2023.xlsx -> orders_2023.csv
2026-07-14 09:36:25,656 INFO Processing file orders_2023.csv
2026-07-14 09:36:25,657 INFO Skipping duplicate order PO0060504-1
2026-07-14 09:36:25,658 INFO Skipping duplicate order PO0060504-2
2026-07-14 09:36:25,658 INFO Skipping duplicate order PO0060504-3
2026-07-14 09:36:25,659 INFO Skipping duplicate order PO0060504-4
2026-07-14 09:36:25,659 INFO Skipping duplicate order PO0060504-5
2026-07-14 09:36:25,660 INFO Skipping duplicate order PO0011111-1
2026-07-14 09:36:25,660 INFO Skipping duplicate order PO0011111-2
2026-07-14 09:36:25,661 INFO Skipping duplicate order PO0011111-3
2026-07-14 09:36:25,661 INFO Skipping duplicate order PO0011111-4
2026-07-14 09:36:25,662 INFO Skipping duplicate order PO0074849-1
2026-07-14 09:36:25,662 INFO Skipping duplicate order PO0024697-1
2026-07-14 09:36:25,663 INFO Skipping duplicate order PO0024697-2
2026-07-14 09:36:25,663 INFO Skipping duplicate order PO0096358-1
2026-07-14 09:36:25,664 INFO Skipping duplicate order PO0096358-2
2026-07-14 09:36:25,664 INFO Skipping duplicate order PO0096358-3
2026-07-14 09:36:25,665 INFO Skipping duplicate order PO0013360-1
2026-07-14 09:36:25,665 INFO Skipping duplicate order PO0013360-2
2026-07-14 09:36:25,665 INFO Skipping duplicate order PO0013360-3
2026-07-14 09:36:25,666 INFO Skipping duplicate order PO0097680-1
2026-07-14 09:36:25,666 INFO Skipping duplicate order PO0097680-2
2026-07-14 09:36:25,667 INFO Skipping duplicate order PO0097680-3
2026-07-14 09:36:25,667 INFO Skipping duplicate order PO0097680-4
2026-07-14 09:36:25,668 INFO Skipping duplicate order PO0097299-1
2026-07-14 09:36:25,668 INFO Skipping duplicate order PO0097299-2
2026-07-14 09:36:25,669 INFO Skipping duplicate order PO0097299-3
2026-07-14 09:36:25,669 INFO Skipping duplicate order PO0097299-4
2026-07-14 09:36:25,680 INFO Archived processed file orders_2023.csv to data/raw/archive/orders_2023.csv
2026-07-14 09:36:26,317 WARNING Unable to send email notification to bhatpriyamvada@gmail.com: SMTP AUTH extension not supported by server.
2026-07-14 09:36:26,317 INFO Processed file: orders_2023.csv
Execution date: 2026-07-14 09:36:25
Total rows in file: 26
Rows loaded: 0
Rows rejected: 0
Reject reasons: None
