2026-07-16 07:12:17,750 INFO Warehouse schema initialized
2026-07-16 07:12:17,751 INFO Processing file orders_2023_changed.csv
2026-07-16 07:12:17,752 INFO Skipping duplicate order PO0060504-1
2026-07-16 07:12:17,753 INFO Skipping duplicate order PO0060504-2
2026-07-16 07:12:17,753 INFO Skipping duplicate order PO0060504-3
2026-07-16 07:12:17,753 INFO Skipping duplicate order PO0060504-4
2026-07-16 07:12:17,754 INFO Skipping duplicate order PO0060504-5
2026-07-16 07:12:17,754 INFO Skipping duplicate order PO0011111-1
2026-07-16 07:12:17,755 INFO Skipping duplicate order PO0011111-2
2026-07-16 07:12:17,755 INFO Skipping duplicate order PO0011111-3
2026-07-16 07:12:17,755 INFO Skipping duplicate order PO0011111-4
2026-07-16 07:12:17,756 INFO Skipping duplicate order PO0074849-1
2026-07-16 07:12:17,756 INFO Skipping duplicate order PO0024697-1
2026-07-16 07:12:17,757 INFO Skipping duplicate order PO0024697-2
2026-07-16 07:12:17,757 INFO Skipping duplicate order PO0096358-1
2026-07-16 07:12:17,757 INFO Skipping duplicate order PO0096358-2
2026-07-16 07:12:17,758 INFO Skipping duplicate order PO0096358-3
2026-07-16 07:12:17,759 INFO Skipping duplicate order PO0013360-1
2026-07-16 07:12:17,760 INFO Skipping duplicate order PO0013360-2
2026-07-16 07:12:17,760 INFO Skipping duplicate order PO0013360-3
2026-07-16 07:12:17,761 INFO Skipping duplicate order PO0097680-1
2026-07-16 07:12:17,761 INFO Skipping duplicate order PO0097680-2
2026-07-16 07:12:17,761 INFO Skipping duplicate order PO0097680-3
2026-07-16 07:12:17,762 INFO Skipping duplicate order PO0097680-4
2026-07-16 07:12:17,762 INFO Skipping duplicate order PO0097299-1
2026-07-16 07:12:17,763 INFO Skipping duplicate order PO0097299-2
2026-07-16 07:12:17,763 INFO Skipping duplicate order PO0097299-3
2026-07-16 07:12:17,763 INFO Skipping duplicate order PO0097299-4
2026-07-16 07:12:17,771 INFO Archived processed file orders_2023_changed.csv to data/raw/archive/orders_2023_changed.csv
2026-07-16 07:12:18,359 WARNING Unable to send email notification to bhatpriyamvada@gmail.com: SMTP AUTH extension not supported by server.
2026-07-16 07:12:18,359 INFO Processed file: orders_2023_changed.csv
Execution date: 2026-07-16 07:12:17
Total rows in file: 26
Rows loaded: 0
Rows rejected: 0
Reject reasons: None
