2026-07-16 09:30:28,134 INFO Warehouse schema initialized
2026-07-16 09:30:28,135 INFO Processing file orders_2023_changed.csv
2026-07-16 09:30:28,138 INFO Skipping duplicate order PO0060504-1
2026-07-16 09:30:28,145 INFO Skipping duplicate order PO0060504-2
2026-07-16 09:30:28,148 INFO Skipping duplicate order PO0060504-3
2026-07-16 09:30:28,149 INFO Skipping duplicate order PO0060504-4
2026-07-16 09:30:28,149 INFO Skipping duplicate order PO0060504-5
2026-07-16 09:30:28,150 INFO Skipping duplicate order PO0011111-1
2026-07-16 09:30:28,150 INFO Skipping duplicate order PO0011111-2
2026-07-16 09:30:28,150 INFO Skipping duplicate order PO0011111-3
2026-07-16 09:30:28,151 INFO Skipping duplicate order PO0011111-4
2026-07-16 09:30:28,152 INFO Skipping duplicate order PO0074849-1
2026-07-16 09:30:28,152 INFO Skipping duplicate order PO0024697-1
2026-07-16 09:30:28,153 INFO Skipping duplicate order PO0024697-2
2026-07-16 09:30:28,153 INFO Skipping duplicate order PO0096358-1
2026-07-16 09:30:28,153 INFO Skipping duplicate order PO0096358-2
2026-07-16 09:30:28,154 INFO Skipping duplicate order PO0096358-3
2026-07-16 09:30:28,154 INFO Skipping duplicate order PO0013360-1
2026-07-16 09:30:28,155 INFO Skipping duplicate order PO0013360-2
2026-07-16 09:30:28,155 INFO Skipping duplicate order PO0013360-3
2026-07-16 09:30:28,156 INFO Skipping duplicate order PO0097680-1
2026-07-16 09:30:28,156 INFO Skipping duplicate order PO0097680-2
2026-07-16 09:30:28,157 INFO Skipping duplicate order PO0097680-3
2026-07-16 09:30:28,158 INFO Skipping duplicate order PO0097680-4
2026-07-16 09:30:28,159 INFO Skipping duplicate order PO0097299-1
2026-07-16 09:30:28,159 INFO Skipping duplicate order PO0097299-2
2026-07-16 09:30:28,159 INFO Skipping duplicate order PO0097299-3
2026-07-16 09:30:28,160 INFO Skipping duplicate order PO0097299-4
2026-07-16 09:30:28,175 INFO Archived processed file orders_2023_changed.csv to data/raw/archive/orders_2023_changed.csv
2026-07-16 09:30:28,809 WARNING Unable to send email notification to bhatpriyamvada@gmail.com: SMTP AUTH extension not supported by server.
2026-07-16 09:30:28,810 INFO Processed file: orders_2023_changed.csv
Execution date: 2026-07-16 09:30:28
Total rows in file: 26
Rows loaded: 0
Rows rejected: 0
Reject reasons: None
