2026-07-14 09:14:37,232 INFO Warehouse schema initialized
2026-07-14 09:14:37,234 INFO Processing file orders_2023.csv
2026-07-14 09:14:37,238 INFO Skipping duplicate order PO0060504-1
2026-07-14 09:14:37,238 INFO Skipping duplicate order PO0060504-2
2026-07-14 09:14:37,239 INFO Skipping duplicate order PO0060504-3
2026-07-14 09:14:37,239 INFO Skipping duplicate order PO0060504-4
2026-07-14 09:14:37,239 INFO Skipping duplicate order PO0060504-5
2026-07-14 09:14:37,240 INFO Skipping duplicate order PO0011111-1
2026-07-14 09:14:37,240 INFO Skipping duplicate order PO0011111-2
2026-07-14 09:14:37,240 INFO Skipping duplicate order PO0011111-3
2026-07-14 09:14:37,242 INFO Skipping duplicate order PO0011111-4
2026-07-14 09:14:37,243 INFO Skipping duplicate order PO0074849-1
2026-07-14 09:14:37,243 INFO Skipping duplicate order PO0024697-1
2026-07-14 09:14:37,244 INFO Skipping duplicate order PO0024697-2
2026-07-14 09:14:37,244 INFO Skipping duplicate order PO0096358-1
2026-07-14 09:14:37,245 INFO Skipping duplicate order PO0096358-2
2026-07-14 09:14:37,247 INFO Skipping duplicate order PO0096358-3
2026-07-14 09:14:37,247 INFO Skipping duplicate order PO0013360-1
2026-07-14 09:14:37,247 INFO Skipping duplicate order PO0013360-2
2026-07-14 09:14:37,248 INFO Skipping duplicate order PO0013360-3
2026-07-14 09:14:37,248 INFO Skipping duplicate order PO0097680-1
2026-07-14 09:14:37,248 INFO Skipping duplicate order PO0097680-2
2026-07-14 09:14:37,249 INFO Skipping duplicate order PO0097680-3
2026-07-14 09:14:37,249 INFO Skipping duplicate order PO0097680-4
2026-07-14 09:14:37,249 INFO Skipping duplicate order PO0097299-1
2026-07-14 09:14:37,250 INFO Skipping duplicate order PO0097299-2
2026-07-14 09:14:37,250 INFO Skipping duplicate order PO0097299-3
2026-07-14 09:14:37,251 INFO Skipping duplicate order PO0097299-4
2026-07-14 09:14:37,255 INFO Archived processed file orders_2023.csv to data/raw/archive/orders_2023.csv
2026-07-14 09:14:37,911 WARNING Unable to send email notification to bhatpriyamvada@gmail.com: SMTP AUTH extension not supported by server.
2026-07-14 09:14:37,912 INFO Processed file: orders_2023.csv
Execution date: 2026-07-14 09:14:37
Total rows in file: 26
Rows loaded: 0
Rows rejected: 0
Reject reasons: None
