2026-07-16 07:11:19,961 INFO Warehouse schema initialized
2026-07-16 07:11:19,962 INFO Processing file orders_2023_changed.csv
2026-07-16 07:11:19,964 INFO Skipping duplicate order PO0060504-1
2026-07-16 07:11:19,964 INFO Skipping duplicate order PO0060504-2
2026-07-16 07:11:19,965 INFO Skipping duplicate order PO0060504-3
2026-07-16 07:11:19,966 INFO Skipping duplicate order PO0060504-4
2026-07-16 07:11:19,966 INFO Skipping duplicate order PO0060504-5
2026-07-16 07:11:19,967 INFO Skipping duplicate order PO0011111-1
2026-07-16 07:11:19,967 INFO Skipping duplicate order PO0011111-2
2026-07-16 07:11:19,973 INFO Skipping duplicate order PO0011111-3
2026-07-16 07:11:19,973 INFO Skipping duplicate order PO0011111-4
2026-07-16 07:11:19,974 INFO Skipping duplicate order PO0074849-1
2026-07-16 07:11:19,974 INFO Skipping duplicate order PO0024697-1
2026-07-16 07:11:19,976 INFO Skipping duplicate order PO0024697-2
2026-07-16 07:11:19,976 INFO Skipping duplicate order PO0096358-1
2026-07-16 07:11:19,977 INFO Skipping duplicate order PO0096358-2
2026-07-16 07:11:19,977 INFO Skipping duplicate order PO0096358-3
2026-07-16 07:11:19,978 INFO Skipping duplicate order PO0013360-1
2026-07-16 07:11:19,978 INFO Skipping duplicate order PO0013360-2
2026-07-16 07:11:19,981 INFO Skipping duplicate order PO0013360-3
2026-07-16 07:11:19,981 INFO Skipping duplicate order PO0097680-1
2026-07-16 07:11:19,982 INFO Skipping duplicate order PO0097680-2
2026-07-16 07:11:19,982 INFO Skipping duplicate order PO0097680-3
2026-07-16 07:11:19,983 INFO Skipping duplicate order PO0097680-4
2026-07-16 07:11:19,983 INFO Skipping duplicate order PO0097299-1
2026-07-16 07:11:19,984 INFO Skipping duplicate order PO0097299-2
2026-07-16 07:11:19,984 INFO Skipping duplicate order PO0097299-3
2026-07-16 07:11:19,985 INFO Skipping duplicate order PO0097299-4
2026-07-16 07:11:19,997 INFO Archived processed file orders_2023_changed.csv to data/raw/archive/orders_2023_changed.csv
2026-07-16 07:11:20,594 WARNING Unable to send email notification to bhatpriyamvada@gmail.com: SMTP AUTH extension not supported by server.
2026-07-16 07:11:20,594 INFO Processed file: orders_2023_changed.csv
Execution date: 2026-07-16 07:11:19
Total rows in file: 26
Rows loaded: 0
Rows rejected: 0
Reject reasons: None
