2026-07-16 09:48:01,059 INFO Warehouse schema initialized
2026-07-16 09:48:01,060 INFO Processing file orders_2023_changed.csv
2026-07-16 09:48:01,064 INFO Skipping duplicate order PO0060504-1
2026-07-16 09:48:01,074 INFO Skipping duplicate order PO0060504-2
2026-07-16 09:48:01,074 INFO Skipping duplicate order PO0060504-3
2026-07-16 09:48:01,075 INFO Skipping duplicate order PO0060504-4
2026-07-16 09:48:01,075 INFO Skipping duplicate order PO0060504-5
2026-07-16 09:48:01,076 INFO Skipping duplicate order PO0011111-1
2026-07-16 09:48:01,077 INFO Skipping duplicate order PO0011111-2
2026-07-16 09:48:01,077 INFO Skipping duplicate order PO0011111-3
2026-07-16 09:48:01,077 INFO Skipping duplicate order PO0011111-4
2026-07-16 09:48:01,078 INFO Skipping duplicate order PO0074849-1
2026-07-16 09:48:01,078 INFO Skipping duplicate order PO0024697-1
2026-07-16 09:48:01,078 INFO Skipping duplicate order PO0024697-2
2026-07-16 09:48:01,079 INFO Skipping duplicate order PO0096358-1
2026-07-16 09:48:01,079 INFO Skipping duplicate order PO0096358-2
2026-07-16 09:48:01,080 INFO Skipping duplicate order PO0096358-3
2026-07-16 09:48:01,080 INFO Skipping duplicate order PO0013360-1
2026-07-16 09:48:01,080 INFO Skipping duplicate order PO0013360-2
2026-07-16 09:48:01,081 INFO Skipping duplicate order PO0013360-3
2026-07-16 09:48:01,081 INFO Skipping duplicate order PO0097680-1
2026-07-16 09:48:01,082 INFO Skipping duplicate order PO0097680-2
2026-07-16 09:48:01,082 INFO Skipping duplicate order PO0097680-3
2026-07-16 09:48:01,083 INFO Skipping duplicate order PO0097680-4
2026-07-16 09:48:01,083 INFO Skipping duplicate order PO0097299-1
2026-07-16 09:48:01,084 INFO Skipping duplicate order PO0097299-2
2026-07-16 09:48:01,085 INFO Skipping duplicate order PO0097299-3
2026-07-16 09:48:01,085 INFO Skipping duplicate order PO0097299-4
2026-07-16 09:48:01,095 INFO Archived processed file orders_2023_changed.csv to data/raw/archive/orders_2023_changed.csv
2026-07-16 09:48:01,707 WARNING Unable to send email notification to bhatpriyamvada@gmail.com: SMTP AUTH extension not supported by server.
2026-07-16 09:48:01,707 INFO Processed file: orders_2023_changed.csv
Execution date: 2026-07-16 09:48:01
Total rows in file: 26
Rows loaded: 0
Rows rejected: 0
Reject reasons: None
