2026-07-14 07:08:56,910 INFO Warehouse schema initialized
2026-07-14 07:08:56,910 INFO Processing file orders_2023.csv
2026-07-14 07:08:56,913 INFO Skipping duplicate order PO0060504-1
2026-07-14 07:08:56,914 INFO Skipping duplicate order PO0060504-2
2026-07-14 07:08:56,914 INFO Skipping duplicate order PO0060504-3
2026-07-14 07:08:56,915 INFO Skipping duplicate order PO0060504-4
2026-07-14 07:08:56,915 INFO Skipping duplicate order PO0060504-5
2026-07-14 07:08:56,916 INFO Skipping duplicate order PO0011111-1
2026-07-14 07:08:56,918 INFO Skipping duplicate order PO0011111-2
2026-07-14 07:08:56,918 INFO Skipping duplicate order PO0011111-3
2026-07-14 07:08:56,918 INFO Skipping duplicate order PO0011111-4
2026-07-14 07:08:56,919 INFO Skipping duplicate order PO0074849-1
2026-07-14 07:08:56,919 INFO Skipping duplicate order PO0024697-1
2026-07-14 07:08:56,919 INFO Skipping duplicate order PO0024697-2
2026-07-14 07:08:56,920 INFO Skipping duplicate order PO0096358-1
2026-07-14 07:08:56,922 INFO Skipping duplicate order PO0096358-2
2026-07-14 07:08:56,923 INFO Skipping duplicate order PO0096358-3
2026-07-14 07:08:56,925 INFO Skipping duplicate order PO0013360-1
2026-07-14 07:08:56,925 INFO Skipping duplicate order PO0013360-2
2026-07-14 07:08:56,926 INFO Skipping duplicate order PO0013360-3
2026-07-14 07:08:56,926 INFO Skipping duplicate order PO0097680-1
2026-07-14 07:08:56,927 INFO Skipping duplicate order PO0097680-2
2026-07-14 07:08:56,927 INFO Skipping duplicate order PO0097680-3
2026-07-14 07:08:56,928 INFO Skipping duplicate order PO0097680-4
2026-07-14 07:08:56,928 INFO Skipping duplicate order PO0097299-1
2026-07-14 07:08:56,929 INFO Skipping duplicate order PO0097299-2
2026-07-14 07:08:56,929 INFO Skipping duplicate order PO0097299-3
2026-07-14 07:08:56,929 INFO Skipping duplicate order PO0097299-4
2026-07-14 07:08:56,937 INFO SMTP not configured; notification logged for bhatpriyamvada@gmail.com
2026-07-14 07:08:56,937 INFO Processed file: orders_2023.csv
Execution date: 2026-07-14 07:08:56
Total rows in file: 26
Rows loaded: 0
Rows rejected: 0
Reject reasons: None
