2026-07-14 09:43:19,995 INFO Warehouse schema initialized
2026-07-14 09:43:20,210 INFO Converted orders_2023.xlsx -> orders_2023.csv
2026-07-14 09:43:20,211 INFO Processing file orders_2023.csv
2026-07-14 09:43:20,212 INFO Skipping duplicate order PO0060504-1
2026-07-14 09:43:20,213 INFO Skipping duplicate order PO0060504-2
2026-07-14 09:43:20,213 INFO Skipping duplicate order PO0060504-3
2026-07-14 09:43:20,213 INFO Skipping duplicate order PO0060504-4
2026-07-14 09:43:20,214 INFO Skipping duplicate order PO0060504-5
2026-07-14 09:43:20,214 INFO Skipping duplicate order PO0011111-1
2026-07-14 09:43:20,215 INFO Skipping duplicate order PO0011111-2
2026-07-14 09:43:20,215 INFO Skipping duplicate order PO0011111-3
2026-07-14 09:43:20,216 INFO Skipping duplicate order PO0011111-4
2026-07-14 09:43:20,217 INFO Skipping duplicate order PO0074849-1
2026-07-14 09:43:20,217 INFO Skipping duplicate order PO0024697-1
2026-07-14 09:43:20,218 INFO Skipping duplicate order PO0024697-2
2026-07-14 09:43:20,220 INFO Skipping duplicate order PO0096358-1
2026-07-14 09:43:20,221 INFO Skipping duplicate order PO0096358-2
2026-07-14 09:43:20,221 INFO Skipping duplicate order PO0096358-3
2026-07-14 09:43:20,222 INFO Skipping duplicate order PO0013360-1
2026-07-14 09:43:20,222 INFO Skipping duplicate order PO0013360-2
2026-07-14 09:43:20,223 INFO Skipping duplicate order PO0013360-3
2026-07-14 09:43:20,223 INFO Skipping duplicate order PO0097680-1
2026-07-14 09:43:20,224 INFO Skipping duplicate order PO0097680-2
2026-07-14 09:43:20,224 INFO Skipping duplicate order PO0097680-3
2026-07-14 09:43:20,224 INFO Skipping duplicate order PO0097680-4
2026-07-14 09:43:20,225 INFO Skipping duplicate order PO0097299-1
2026-07-14 09:43:20,225 INFO Skipping duplicate order PO0097299-2
2026-07-14 09:43:20,226 INFO Skipping duplicate order PO0097299-3
2026-07-14 09:43:20,226 INFO Skipping duplicate order PO0097299-4
2026-07-14 09:43:20,230 INFO Archived processed file orders_2023.csv to data/raw/archive/orders_2023.csv
2026-07-14 09:43:20,860 WARNING Unable to send email notification to bhatpriyamvada@gmail.com: SMTP AUTH extension not supported by server.
2026-07-14 09:43:20,861 INFO Processed file: orders_2023.csv
Execution date: 2026-07-14 09:43:20
Total rows in file: 26
Rows loaded: 0
Rows rejected: 0
Reject reasons: None
