2026-07-16 07:08:10,234 INFO Warehouse schema initialized
2026-07-16 07:08:10,235 INFO Processing file orders_2023_changed.csv
2026-07-16 07:08:10,262 INFO Skipping duplicate order PO0060504-1
2026-07-16 07:08:10,267 INFO Skipping duplicate order PO0060504-2
2026-07-16 07:08:10,275 INFO Skipping duplicate order PO0060504-3
2026-07-16 07:08:10,279 INFO Skipping duplicate order PO0060504-4
2026-07-16 07:08:10,283 INFO Skipping duplicate order PO0060504-5
2026-07-16 07:08:10,287 INFO Skipping duplicate order PO0011111-1
2026-07-16 07:08:10,287 INFO Skipping duplicate order PO0011111-2
2026-07-16 07:08:10,288 INFO Skipping duplicate order PO0011111-3
2026-07-16 07:08:10,288 INFO Skipping duplicate order PO0011111-4
2026-07-16 07:08:10,292 INFO Skipping duplicate order PO0074849-1
2026-07-16 07:08:10,296 INFO Skipping duplicate order PO0024697-1
2026-07-16 07:08:10,297 INFO Skipping duplicate order PO0024697-2
2026-07-16 07:08:10,300 INFO Skipping duplicate order PO0096358-1
2026-07-16 07:08:10,301 INFO Skipping duplicate order PO0096358-2
2026-07-16 07:08:10,301 INFO Skipping duplicate order PO0096358-3
2026-07-16 07:08:10,305 INFO Skipping duplicate order PO0013360-1
2026-07-16 07:08:10,306 INFO Skipping duplicate order PO0013360-2
2026-07-16 07:08:10,306 INFO Skipping duplicate order PO0013360-3
2026-07-16 07:08:10,310 INFO Skipping duplicate order PO0097680-1
2026-07-16 07:08:10,311 INFO Skipping duplicate order PO0097680-2
2026-07-16 07:08:10,311 INFO Skipping duplicate order PO0097680-3
2026-07-16 07:08:10,312 INFO Skipping duplicate order PO0097680-4
2026-07-16 07:08:10,324 INFO Skipping duplicate order PO0097299-1
2026-07-16 07:08:10,330 INFO Skipping duplicate order PO0097299-2
2026-07-16 07:08:10,330 INFO Skipping duplicate order PO0097299-3
2026-07-16 07:08:10,331 INFO Skipping duplicate order PO0097299-4
2026-07-16 07:08:10,338 INFO Archived processed file orders_2023_changed.csv to data/raw/archive/orders_2023_changed.csv
2026-07-16 07:08:10,939 WARNING Unable to send email notification to bhatpriyamvada@gmail.com: SMTP AUTH extension not supported by server.
2026-07-16 07:08:10,939 INFO Processed file: orders_2023_changed.csv
Execution date: 2026-07-16 07:08:10
Total rows in file: 26
Rows loaded: 0
Rows rejected: 0
Reject reasons: None
