2026-07-14 09:45:18,353 INFO Warehouse schema initialized
2026-07-14 09:45:18,529 INFO Converted orders_2023.xlsx -> orders_2023.csv
2026-07-14 09:45:18,531 INFO Processing file orders_2023.csv
2026-07-14 09:45:18,532 INFO Skipping duplicate order PO0060504-1
2026-07-14 09:45:18,533 INFO Skipping duplicate order PO0060504-2
2026-07-14 09:45:18,533 INFO Skipping duplicate order PO0060504-3
2026-07-14 09:45:18,534 INFO Skipping duplicate order PO0060504-4
2026-07-14 09:45:18,534 INFO Skipping duplicate order PO0060504-5
2026-07-14 09:45:18,534 INFO Skipping duplicate order PO0011111-1
2026-07-14 09:45:18,535 INFO Skipping duplicate order PO0011111-2
2026-07-14 09:45:18,535 INFO Skipping duplicate order PO0011111-3
2026-07-14 09:45:18,536 INFO Skipping duplicate order PO0011111-4
2026-07-14 09:45:18,536 INFO Skipping duplicate order PO0074849-1
2026-07-14 09:45:18,537 INFO Skipping duplicate order PO0024697-1
2026-07-14 09:45:18,537 INFO Skipping duplicate order PO0024697-2
2026-07-14 09:45:18,538 INFO Skipping duplicate order PO0096358-1
2026-07-14 09:45:18,538 INFO Skipping duplicate order PO0096358-2
2026-07-14 09:45:18,539 INFO Skipping duplicate order PO0096358-3
2026-07-14 09:45:18,539 INFO Skipping duplicate order PO0013360-1
2026-07-14 09:45:18,540 INFO Skipping duplicate order PO0013360-2
2026-07-14 09:45:18,540 INFO Skipping duplicate order PO0013360-3
2026-07-14 09:45:18,541 INFO Skipping duplicate order PO0097680-1
2026-07-14 09:45:18,541 INFO Skipping duplicate order PO0097680-2
2026-07-14 09:45:18,542 INFO Skipping duplicate order PO0097680-3
2026-07-14 09:45:18,542 INFO Skipping duplicate order PO0097680-4
2026-07-14 09:45:18,543 INFO Skipping duplicate order PO0097299-1
2026-07-14 09:45:18,543 INFO Skipping duplicate order PO0097299-2
2026-07-14 09:45:18,544 INFO Skipping duplicate order PO0097299-3
2026-07-14 09:45:18,545 INFO Skipping duplicate order PO0097299-4
2026-07-14 09:45:18,562 INFO Archived processed file orders_2023.csv to data/raw/archive/orders_2023.csv
2026-07-14 09:45:19,162 WARNING Unable to send email notification to bhatpriyamvada@gmail.com: SMTP AUTH extension not supported by server.
2026-07-14 09:45:19,162 INFO Processed file: orders_2023.csv
Execution date: 2026-07-14 09:45:18
Total rows in file: 26
Rows loaded: 0
Rows rejected: 0
Reject reasons: None
