2026-07-16 07:02:33,863 INFO Warehouse schema initialized
2026-07-16 07:02:33,864 INFO Processing file orders_2023_changed.csv
2026-07-16 07:02:33,877 INFO Skipping duplicate order PO0060504-1
2026-07-16 07:02:33,880 INFO Skipping duplicate order PO0060504-2
2026-07-16 07:02:33,886 INFO Skipping duplicate order PO0060504-3
2026-07-16 07:02:33,889 INFO Skipping duplicate order PO0060504-4
2026-07-16 07:02:33,893 INFO Skipping duplicate order PO0060504-5
2026-07-16 07:02:33,899 INFO Skipping duplicate order PO0011111-1
2026-07-16 07:02:33,899 INFO Skipping duplicate order PO0011111-2
2026-07-16 07:02:33,900 INFO Skipping duplicate order PO0011111-3
2026-07-16 07:02:33,900 INFO Skipping duplicate order PO0011111-4
2026-07-16 07:02:33,904 INFO Skipping duplicate order PO0074849-1
2026-07-16 07:02:33,909 INFO Skipping duplicate order PO0024697-1
2026-07-16 07:02:33,910 INFO Skipping duplicate order PO0024697-2
2026-07-16 07:02:33,913 INFO Skipping duplicate order PO0096358-1
2026-07-16 07:02:33,914 INFO Skipping duplicate order PO0096358-2
2026-07-16 07:02:33,914 INFO Skipping duplicate order PO0096358-3
2026-07-16 07:02:33,919 INFO Skipping duplicate order PO0013360-1
2026-07-16 07:02:33,919 INFO Skipping duplicate order PO0013360-2
2026-07-16 07:02:33,920 INFO Skipping duplicate order PO0013360-3
2026-07-16 07:02:33,923 INFO Skipping duplicate order PO0097680-1
2026-07-16 07:02:33,924 INFO Skipping duplicate order PO0097680-2
2026-07-16 07:02:33,924 INFO Skipping duplicate order PO0097680-3
2026-07-16 07:02:33,925 INFO Skipping duplicate order PO0097680-4
2026-07-16 07:02:33,937 INFO Skipping duplicate order PO0097299-1
2026-07-16 07:02:33,940 INFO Skipping duplicate order PO0097299-2
2026-07-16 07:02:33,941 INFO Skipping duplicate order PO0097299-3
2026-07-16 07:02:33,941 INFO Skipping duplicate order PO0097299-4
2026-07-16 07:02:33,949 INFO Archived processed file orders_2023_changed.csv to data/raw/archive/orders_2023_changed.csv
2026-07-16 07:02:34,546 WARNING Unable to send email notification to bhatpriyamvada@gmail.com: SMTP AUTH extension not supported by server.
2026-07-16 07:02:34,546 INFO Processed file: orders_2023_changed.csv
Execution date: 2026-07-16 07:02:33
Total rows in file: 26
Rows loaded: 0
Rows rejected: 0
Reject reasons: None
