2026-07-16 06:35:26,752 INFO Warehouse schema initialized
2026-07-16 06:35:26,753 INFO Processing file orders_2023_changed.csv
2026-07-16 06:35:26,763 INFO Skipping duplicate order PO0060504-1
2026-07-16 06:35:26,766 INFO Skipping duplicate order PO0060504-2
2026-07-16 06:35:26,767 INFO Skipping duplicate order PO0060504-3
2026-07-16 06:35:26,772 INFO Skipping duplicate order PO0060504-4
2026-07-16 06:35:26,773 INFO Skipping duplicate order PO0060504-5
2026-07-16 06:35:26,777 INFO Skipping duplicate order PO0011111-1
2026-07-16 06:35:26,777 INFO Skipping duplicate order PO0011111-2
2026-07-16 06:35:26,778 INFO Skipping duplicate order PO0011111-3
2026-07-16 06:35:26,778 INFO Skipping duplicate order PO0011111-4
2026-07-16 06:35:26,784 INFO Skipping duplicate order PO0074849-1
2026-07-16 06:35:26,787 INFO Skipping duplicate order PO0024697-1
2026-07-16 06:35:26,788 INFO Skipping duplicate order PO0024697-2
2026-07-16 06:35:26,791 INFO Skipping duplicate order PO0096358-1
2026-07-16 06:35:26,792 INFO Skipping duplicate order PO0096358-2
2026-07-16 06:35:26,793 INFO Skipping duplicate order PO0096358-3
2026-07-16 06:35:26,797 INFO Skipping duplicate order PO0013360-1
2026-07-16 06:35:26,797 INFO Skipping duplicate order PO0013360-2
2026-07-16 06:35:26,797 INFO Skipping duplicate order PO0013360-3
2026-07-16 06:35:26,804 INFO Skipping duplicate order PO0097680-1
2026-07-16 06:35:26,804 INFO Skipping duplicate order PO0097680-2
2026-07-16 06:35:26,806 INFO Skipping duplicate order PO0097680-3
2026-07-16 06:35:26,806 INFO Skipping duplicate order PO0097680-4
2026-07-16 06:35:26,814 INFO Skipping duplicate order PO0097299-1
2026-07-16 06:35:26,814 INFO Skipping duplicate order PO0097299-2
2026-07-16 06:35:26,815 INFO Skipping duplicate order PO0097299-3
2026-07-16 06:35:26,815 INFO Skipping duplicate order PO0097299-4
2026-07-16 06:35:26,824 INFO Archived processed file orders_2023_changed.csv to data/raw/archive/orders_2023_changed.csv
2026-07-16 06:35:27,298 WARNING Unable to send email notification to bhatpriyamvada@gmail.com: SMTP AUTH extension not supported by server.
2026-07-16 06:35:27,298 INFO Processed file: orders_2023_changed.csv
Execution date: 2026-07-16 06:35:26
Total rows in file: 26
Rows loaded: 0
Rows rejected: 0
Reject reasons: None
